G:\PROGRAMS\C++\HASHTABLE CHAINING\HASHTABLE CHAINING\DEBUG\HASHTABLE CHAINING.PCH
G:\PROGRAMS\C++\HASHTABLE CHAINING\HASHTABLE CHAINING\DEBUG\STDAFX.OBJ
G:\PROGRAMS\C++\HASHTABLE CHAINING\HASHTABLE CHAINING\DEBUG\VC110.PDB
G:\PROGRAMS\C++\HASHTABLE CHAINING\HASHTABLE CHAINING\DEBUG\HASHTABLE CHAINING.OBJ
G:\PROGRAMS\C++\HASHTABLE CHAINING\DEBUG\HASHTABLE CHAINING.ILK
G:\PROGRAMS\C++\HASHTABLE CHAINING\DEBUG\HASHTABLE CHAINING.EXE
G:\PROGRAMS\C++\HASHTABLE CHAINING\DEBUG\HASHTABLE CHAINING.PDB
G:\Programs\C++\Hashtable Chaining\Hashtable Chaining\Debug\Hashtable Chaining.obj
G:\Programs\C++\Hashtable Chaining\Hashtable Chaining\Debug\stdafx.obj
G:\Programs\C++\Hashtable Chaining\Hashtable Chaining\Debug\cl.command.1.tlog
G:\Programs\C++\Hashtable Chaining\Hashtable Chaining\Debug\CL.read.1.tlog
G:\Programs\C++\Hashtable Chaining\Hashtable Chaining\Debug\CL.write.1.tlog
G:\Programs\C++\Hashtable Chaining\Hashtable Chaining\Debug\link-cvtres.read.1.tlog
G:\Programs\C++\Hashtable Chaining\Hashtable Chaining\Debug\link-cvtres.write.1.tlog
G:\Programs\C++\Hashtable Chaining\Hashtable Chaining\Debug\link-rc.read.1.tlog
G:\Programs\C++\Hashtable Chaining\Hashtable Chaining\Debug\link-rc.write.1.tlog
G:\Programs\C++\Hashtable Chaining\Hashtable Chaining\Debug\link.command.1.tlog
G:\Programs\C++\Hashtable Chaining\Hashtable Chaining\Debug\link.read.1.tlog
G:\Programs\C++\Hashtable Chaining\Hashtable Chaining\Debug\link.write.1.tlog
G:\Programs\C++\Hashtable Chaining\Hashtable Chaining\Debug\Hashtable Chaining.pch
G:\Programs\C++\Hashtable Chaining\Hashtable Chaining\Debug\vc110.idb
G:\Programs\C++\Hashtable Chaining\Hashtable Chaining\Debug\vc110.pdb
G:\Programs\C++\Hashtable Chaining\Debug\Hashtable Chaining.pdb
G:\Programs\C++\Hashtable Chaining\Debug\Hashtable Chaining.exe
G:\Programs\C++\Hashtable Chaining\Debug\Hashtable Chaining.ilk
