G:\PROGRAMS\C++\LINKEDLIST\LINKEDLIST\DEBUG\LINKEDLIST.OBJ
G:\PROGRAMS\C++\LINKEDLIST\LINKEDLIST\DEBUG\VC110.PDB
G:\PROGRAMS\C++\LINKEDLIST\DEBUG\LINKEDLIST.ILK
G:\PROGRAMS\C++\LINKEDLIST\DEBUG\LINKEDLIST.EXE
G:\PROGRAMS\C++\LINKEDLIST\DEBUG\LINKEDLIST.PDB
G:\Programs\C++\Linkedlist\Linkedlist\Debug\Linkedlist.obj
G:\Programs\C++\Linkedlist\Linkedlist\Debug\cl.command.1.tlog
G:\Programs\C++\Linkedlist\Linkedlist\Debug\CL.read.1.tlog
G:\Programs\C++\Linkedlist\Linkedlist\Debug\CL.write.1.tlog
G:\Programs\C++\Linkedlist\Linkedlist\Debug\link-cvtres.read.1.tlog
G:\Programs\C++\Linkedlist\Linkedlist\Debug\link-cvtres.write.1.tlog
G:\Programs\C++\Linkedlist\Linkedlist\Debug\link-rc.read.1.tlog
G:\Programs\C++\Linkedlist\Linkedlist\Debug\link-rc.write.1.tlog
G:\Programs\C++\Linkedlist\Linkedlist\Debug\link.command.1.tlog
G:\Programs\C++\Linkedlist\Linkedlist\Debug\link.read.1.tlog
G:\Programs\C++\Linkedlist\Linkedlist\Debug\link.write.1.tlog
G:\Programs\C++\Linkedlist\Linkedlist\Debug\vc110.idb
G:\Programs\C++\Linkedlist\Linkedlist\Debug\vc110.pdb
G:\Programs\C++\Linkedlist\Debug\Linkedlist.pdb
G:\Programs\C++\Linkedlist\Debug\Linkedlist.exe
G:\Programs\C++\Linkedlist\Debug\Linkedlist.ilk
