C:\USERS\SONY\DESKTOP\STERLING\STERLING\DEBUG\STERLING.PCH
C:\USERS\SONY\DESKTOP\STERLING\STERLING\DEBUG\STDAFX.OBJ
C:\USERS\SONY\DESKTOP\STERLING\STERLING\DEBUG\VC110.PDB
C:\USERS\SONY\DESKTOP\STERLING\STERLING\DEBUG\STERLING.OBJ
G:\PROGRAMS\C++\STERLING\STERLING\DEBUG\VC110.PDB
C:\USERS\SONY\DESKTOP\STERLING\DEBUG\STERLING.ILK
C:\USERS\SONY\DESKTOP\STERLING\DEBUG\STERLING.EXE
C:\USERS\SONY\DESKTOP\STERLING\DEBUG\STERLING.PDB
G:\Programs\C++\Sterling\Sterling\Debug\Sterling.obj
G:\Programs\C++\Sterling\Sterling\Debug\cl.command.1.tlog
G:\Programs\C++\Sterling\Sterling\Debug\CL.read.1.tlog
G:\Programs\C++\Sterling\Sterling\Debug\CL.write.1.tlog
G:\Programs\C++\Sterling\Sterling\Debug\link-cvtres.read.1.tlog
G:\Programs\C++\Sterling\Sterling\Debug\link-cvtres.write.1.tlog
G:\Programs\C++\Sterling\Sterling\Debug\link-rc.read.1.tlog
G:\Programs\C++\Sterling\Sterling\Debug\link-rc.write.1.tlog
G:\Programs\C++\Sterling\Sterling\Debug\link.command.1.tlog
G:\Programs\C++\Sterling\Sterling\Debug\link.read.1.tlog
G:\Programs\C++\Sterling\Sterling\Debug\link.write.1.tlog
G:\Programs\C++\Sterling\Sterling\Debug\vc110.idb
G:\Programs\C++\Sterling\Sterling\Debug\vc110.pdb
G:\Programs\C++\Sterling\Debug\Sterling.pdb
G:\Programs\C++\Sterling\Debug\Sterling.exe
G:\Programs\C++\Sterling\Debug\Sterling.ilk
