C:\USERS\SONY\DESKTOP\HASHTABLE OPENADDRESSING\HASHTABLE OPENADDRESSING\DEBUG\HASHTABLE OPENADDRESSING.PCH
C:\USERS\SONY\DESKTOP\HASHTABLE OPENADDRESSING\HASHTABLE OPENADDRESSING\DEBUG\STDAFX.OBJ
C:\USERS\SONY\DESKTOP\HASHTABLE OPENADDRESSING\HASHTABLE OPENADDRESSING\DEBUG\VC110.PDB
C:\USERS\SONY\DESKTOP\HASHTABLE OPENADDRESSING\HASHTABLE OPENADDRESSING\DEBUG\HASHTABLE OPENADDRESSING.OBJ
C:\USERS\SONY\DESKTOP\HASHTABLE OPENADDRESSING\DEBUG\HASHTABLE OPENADDRESSING.ILK
C:\USERS\SONY\DESKTOP\HASHTABLE OPENADDRESSING\DEBUG\HASHTABLE OPENADDRESSING.EXE
C:\USERS\SONY\DESKTOP\HASHTABLE OPENADDRESSING\DEBUG\HASHTABLE OPENADDRESSING.PDB
G:\Programs\C++\Hashtable OpenAddressing\Hashtable OpenAddressing\Debug\Hashtable OpenAddressing.obj
G:\Programs\C++\Hashtable OpenAddressing\Hashtable OpenAddressing\Debug\stdafx.obj
G:\Programs\C++\Hashtable OpenAddressing\Hashtable OpenAddressing\Debug\cl.command.1.tlog
G:\Programs\C++\Hashtable OpenAddressing\Hashtable OpenAddressing\Debug\CL.read.1.tlog
G:\Programs\C++\Hashtable OpenAddressing\Hashtable OpenAddressing\Debug\CL.write.1.tlog
G:\Programs\C++\Hashtable OpenAddressing\Hashtable OpenAddressing\Debug\link-cvtres.read.1.tlog
G:\Programs\C++\Hashtable OpenAddressing\Hashtable OpenAddressing\Debug\link-cvtres.write.1.tlog
G:\Programs\C++\Hashtable OpenAddressing\Hashtable OpenAddressing\Debug\link-rc.read.1.tlog
G:\Programs\C++\Hashtable OpenAddressing\Hashtable OpenAddressing\Debug\link-rc.write.1.tlog
G:\Programs\C++\Hashtable OpenAddressing\Hashtable OpenAddressing\Debug\link.command.1.tlog
G:\Programs\C++\Hashtable OpenAddressing\Hashtable OpenAddressing\Debug\link.read.1.tlog
G:\Programs\C++\Hashtable OpenAddressing\Hashtable OpenAddressing\Debug\link.write.1.tlog
G:\Programs\C++\Hashtable OpenAddressing\Hashtable OpenAddressing\Debug\Hashtable OpenAddressing.pch
G:\Programs\C++\Hashtable OpenAddressing\Hashtable OpenAddressing\Debug\vc110.idb
G:\Programs\C++\Hashtable OpenAddressing\Hashtable OpenAddressing\Debug\vc110.pdb
G:\Programs\C++\Hashtable OpenAddressing\Debug\Hashtable OpenAddressing.pdb
G:\Programs\C++\Hashtable OpenAddressing\Debug\Hashtable OpenAddressing.exe
G:\Programs\C++\Hashtable OpenAddressing\Debug\Hashtable OpenAddressing.ilk
