G:\PROGRAMS\C++\POSTFIX\POSTFIX\DEBUG\POSTFIX.PCH
G:\PROGRAMS\C++\POSTFIX\POSTFIX\DEBUG\STDAFX.OBJ
G:\PROGRAMS\C++\POSTFIX\POSTFIX\DEBUG\VC110.PDB
G:\PROGRAMS\C++\POSTFIX\POSTFIX\DEBUG\POSTFIX.OBJ
G:\PROGRAMS\C++\POSTFIX\DEBUG\POSTFIX.ILK
G:\PROGRAMS\C++\POSTFIX\DEBUG\POSTFIX.EXE
G:\PROGRAMS\C++\POSTFIX\DEBUG\POSTFIX.PDB
G:\Programs\C++\PostFix\PostFix\Debug\PostFix.obj
G:\Programs\C++\PostFix\PostFix\Debug\stdafx.obj
G:\Programs\C++\PostFix\PostFix\Debug\cl.command.1.tlog
G:\Programs\C++\PostFix\PostFix\Debug\CL.read.1.tlog
G:\Programs\C++\PostFix\PostFix\Debug\CL.write.1.tlog
G:\Programs\C++\PostFix\PostFix\Debug\link-cvtres.read.1.tlog
G:\Programs\C++\PostFix\PostFix\Debug\link-cvtres.write.1.tlog
G:\Programs\C++\PostFix\PostFix\Debug\link-rc.read.1.tlog
G:\Programs\C++\PostFix\PostFix\Debug\link-rc.write.1.tlog
G:\Programs\C++\PostFix\PostFix\Debug\link.command.1.tlog
G:\Programs\C++\PostFix\PostFix\Debug\link.read.1.tlog
G:\Programs\C++\PostFix\PostFix\Debug\link.write.1.tlog
G:\Programs\C++\PostFix\PostFix\Debug\PostFix.pch
G:\Programs\C++\PostFix\PostFix\Debug\vc110.idb
G:\Programs\C++\PostFix\PostFix\Debug\vc110.pdb
G:\Programs\C++\PostFix\Debug\PostFix.pdb
G:\Programs\C++\PostFix\Debug\PostFix.exe
G:\Programs\C++\PostFix\Debug\PostFix.ilk
